[0m[[0m[31merror[0m] [0m[0mjava.lang.ClassNotFoundException: failed to load object: database.DatabaseExampleSpec$[0m
[0m[[0m[31merror[0m] [0m[0m	at zio.test.sbt.ZTestRunnerJVM.disectTask$$anonfun$1(ZTestRunnerJVM.scala:118)[0m
[0m[[0m[31merror[0m] [0m[0m	at scala.Option.getOrElse(Option.scala:201)[0m
[0m[[0m[31merror[0m] [0m[0m	at zio.test.sbt.ZTestRunnerJVM.disectTask(ZTestRunnerJVM.scala:118)[0m
[0m[[0m[31merror[0m] [0m[0m	at zio.test.sbt.ZTestRunnerJVM.$anonfun$5(ZTestRunnerJVM.scala:95)[0m
[0m[[0m[31merror[0m] [0m[0m	at scala.collection.ArrayOps$.map$extension(ArrayOps.scala:934)[0m
[0m[[0m[31merror[0m] [0m[0m	at zio.test.sbt.ZTestRunnerJVM.tasksZ(ZTestRunnerJVM.scala:95)[0m
[0m[[0m[31merror[0m] [0m[0m	at zio.test.sbt.ZTestRunnerJVM.tasks(ZTestRunnerJVM.scala:84)[0m
[0m[[0m[31merror[0m] [0m[0m	at sbt.TestRunner.tasks(TestFramework.scala:121)[0m
[0m[[0m[31merror[0m] [0m[0m	at sbt.TestFramework$.$anonfun$createTestTasks$4(TestFramework.scala:282)[0m
[0m[[0m[31merror[0m] [0m[0m	at sbt.TestFramework$.sbt$TestFramework$$withContextLoader(TestFramework.scala:296)[0m
[0m[[0m[31merror[0m] [0m[0m	at sbt.TestFramework$.$anonfun$createTestTasks$3(TestFramework.scala:282)[0m
[0m[[0m[31merror[0m] [0m[0m	at sbt.TestFramework$.$anonfun$createTestTasks$3$adapted(TestFramework.scala:279)[0m
[0m[[0m[31merror[0m] [0m[0m	at scala.collection.TraversableLike.$anonfun$flatMap$1(TraversableLike.scala:293)[0m
[0m[[0m[31merror[0m] [0m[0m	at scala.collection.Iterator.foreach(Iterator.scala:943)[0m
[0m[[0m[31merror[0m] [0m[0m	at scala.collection.Iterator.foreach$(Iterator.scala:943)[0m
[0m[[0m[31merror[0m] [0m[0m	at scala.collection.AbstractIterator.foreach(Iterator.scala:1431)[0m
[0m[[0m[31merror[0m] [0m[0m	at scala.collection.IterableLike.foreach(IterableLike.scala:74)[0m
[0m[[0m[31merror[0m] [0m[0m	at scala.collection.IterableLike.foreach$(IterableLike.scala:73)[0m
[0m[[0m[31merror[0m] [0m[0m	at scala.collection.AbstractIterable.foreach(Iterable.scala:56)[0m
[0m[[0m[31merror[0m] [0m[0m	at scala.collection.TraversableLike.flatMap(TraversableLike.scala:293)[0m
[0m[[0m[31merror[0m] [0m[0m	at scala.collection.TraversableLike.flatMap$(TraversableLike.scala:290)[0m
[0m[[0m[31merror[0m] [0m[0m	at scala.collection.AbstractTraversable.flatMap(Traversable.scala:108)[0m
[0m[[0m[31merror[0m] [0m[0m	at sbt.TestFramework$.createTestTasks(TestFramework.scala:279)[0m
[0m[[0m[31merror[0m] [0m[0m	at sbt.TestFramework$.testTasks(TestFramework.scala:232)[0m
[0m[[0m[31merror[0m] [0m[0m	at sbt.Tests$.testTask(Tests.scala:358)[0m
[0m[[0m[31merror[0m] [0m[0m	at sbt.Tests$.apply(Tests.scala:325)[0m
[0m[[0m[31merror[0m] [0m[0m	at sbt.Defaults$.$anonfun$allTestGroupsTask$6(Defaults.scala:1629)[0m
[0m[[0m[31merror[0m] [0m[0m	at scala.collection.immutable.List.map(List.scala:293)[0m
[0m[[0m[31merror[0m] [0m[0m	at sbt.Defaults$.allTestGroupsTask(Defaults.scala:1604)[0m
[0m[[0m[31merror[0m] [0m[0m	at sbt.Defaults$.$anonfun$testTasks$10(Defaults.scala:1311)[0m
[0m[[0m[31merror[0m] [0m[0m	at scala.Function1.$anonfun$compose$1(Function1.scala:49)[0m
[0m[[0m[31merror[0m] [0m[0m	at sbt.internal.util.$tilde$greater.$anonfun$$u2219$1(TypeFunctions.scala:63)[0m
[0m[[0m[31merror[0m] [0m[0m	at sbt.std.Transform$$anon$4.work(Transform.scala:69)[0m
[0m[[0m[31merror[0m] [0m[0m	at sbt.Execute.$anonfun$submit$2(Execute.scala:283)[0m
[0m[[0m[31merror[0m] [0m[0m	at sbt.internal.util.ErrorHandling$.wideConvert(ErrorHandling.scala:24)[0m
[0m[[0m[31merror[0m] [0m[0m	at sbt.Execute.work(Execute.scala:292)[0m
[0m[[0m[31merror[0m] [0m[0m	at sbt.Execute.$anonfun$submit$1(Execute.scala:283)[0m
[0m[[0m[31merror[0m] [0m[0m	at sbt.ConcurrentRestrictions$$anon$4.$anonfun$submitValid$1(ConcurrentRestrictions.scala:265)[0m
[0m[[0m[31merror[0m] [0m[0m	at sbt.CompletionService$$anon$2.call(CompletionService.scala:65)[0m
[0m[[0m[31merror[0m] [0m[0m	at java.base/java.util.concurrent.FutureTask.run(FutureTask.java:317)[0m
[0m[[0m[31merror[0m] [0m[0m	at java.base/java.util.concurrent.Executors$RunnableAdapter.call(Executors.java:572)[0m
[0m[[0m[31merror[0m] [0m[0m	at java.base/java.util.concurrent.FutureTask.run(FutureTask.java:317)[0m
[0m[[0m[31merror[0m] [0m[0m	at java.base/java.util.concurrent.ThreadPoolExecutor.runWorker(ThreadPoolExecutor.java:1144)[0m
[0m[[0m[31merror[0m] [0m[0m	at java.base/java.util.concurrent.ThreadPoolExecutor$Worker.run(ThreadPoolExecutor.java:642)[0m
[0m[[0m[31merror[0m] [0m[0m	at java.base/java.lang.Thread.run(Thread.java:1583)[0m
[0m[[0m[31merror[0m] [0m[0m(integration / Test / [31mexecuteTests[0m) java.lang.ClassNotFoundException: failed to load object: database.DatabaseExampleSpec$[0m
